hash type name
f89a30cfafbf2d1d import calc_nri_indices
ab503e7d9365c962 import calc_veg_indices
d243837e7b18f365 target data_hs_preprocessed
2717872700aee0a8 target data_hs_raw
0c1d2781010d7b70 import download_hyperspectral
2fceb5d45b857157 import download_locations
eb55afffd2fee331 import download_trees
7efb00df188add36 import extract_bands_to_plot
a93f582533497c6c import extract_coords
7b3b5e23935b9889 import extract_indices_to_plot
211f2f8733870fa5 target index
a954110c70b56dfa target indices
caa60a616900f8b9 import log_response
4878e7879e0bdc36 import mutate_defol
45bb99dd7c555194 import dplyr::filter
36f9439f5abf9401 import dplyr::select
a4779ba100dc1499 import future::multisession
e598236056bb8e0b import future.callr::callr
de89808c3dc9a9af import raster::mask
a164b7bda3466752 import raster::projectRaster
598109c46df95488 import raster::crop
425d83b9f58c448e import raster::extract
20857a31132b968c target name_id
12542df7c1ddf54a target name_out
4cfbe16a78664112 target nri_indices
ce18efee850e2bcc import plan
70243774c1e6408c target plot_locations
93a21e466c6647b6 import process_hyperspec
2173396fe52d354a import process_hyperspec_helper
cd21e6b7db8231c4 import remove_na
cb8d75ee01958ee8 import split_in_feature_sets
187c7163c875bd9b target tree_per_tree
44f46d1d03644e6d target trees_with_indices
0afa5fc4bc43705e target veg_indices
97fd22cb49686627 target wavelength
