hash type name
714931c4edd54bae import calc_nri_indices
77d13c45c44dfdf1 import calc_veg_indices
1bc7a0271b1b5ef2 import clean_single_plots
63b45c9f0b88a038 target data_clean_single_plots
d243837e7b18f365 target data_hs_preprocessed
2717872700aee0a8 target data_hs_raw
adcb0758e1c72957 target data_list_nri_vi_bands
14ccfbb711755627 target data_vi_nri_clean
0c1d2781010d7b70 import download_hyperspectral
2fceb5d45b857157 import download_locations
ee53be201563524b import download_trees
701b8c1f4ede19ca import extract_bands_to_plot
a93f582533497c6c import extract_coords
7b3b5e23935b9889 import extract_indices_to_plot
211f2f8733870fa5 target index
a954110c70b56dfa target indices
caa60a616900f8b9 import log_response
4878e7879e0bdc36 import mutate_defol
45bb99dd7c555194 import dplyr::filter
36f9439f5abf9401 import dplyr::select
de89808c3dc9a9af import raster::mask
a164b7bda3466752 import raster::projectRaster
598109c46df95488 import raster::crop
425d83b9f58c448e import raster::extract
20857a31132b968c target name_id
12542df7c1ddf54a target name_out
ac012d7b746626f5 target ndvi_rasters
4cfbe16a78664112 target nri_indices
70243774c1e6408c target plot_locations
8e91176d31a0022f import process_hyperspec
2173396fe52d354a import process_hyperspec_helper
39b993c42d66c335 import remove_na
cb8d75ee01958ee8 import split_in_feature_sets
235dcdbe4e2a0461 target tree_per_tree
5270e97a15a74838 target trees_with_bands
77756d24ae30b919 target trees_with_indices
0afa5fc4bc43705e target veg_indices
97fd22cb49686627 target wavelength
